<?xml version="1.0" encoding="UTF-8"?>
<testng-results ignored="0" total="12" passed="10" failed="2" skipped="0">
  <reporter-output>
  </reporter-output>
  <suite started-at="2021-04-21T11:18:18 CDT" name="Suite" finished-at="2021-04-21T11:23:03 CDT" duration-ms="284691">
    <groups>
    </groups>
    <test started-at="2021-04-21T11:18:18 CDT" name="Test" finished-at="2021-04-21T11:23:03 CDT" duration-ms="284691">
      <class name="EddieByGiddy.EddieByGiddyMaven.DATest">
        <test-method is-config="true" signature="setup()[pri:0, instance:EddieByGiddy.EddieByGiddyMaven.DATest@2b4bac49]" started-at="2021-04-21T11:20:05 CDT" name="setup" finished-at="2021-04-21T11:20:09 CDT" duration-ms="4072" status="PASS">
          <reporter-output>
          </reporter-output>
        </test-method> <!-- setup -->
        <test-method signature="DeliveryAddress()[pri:0, instance:EddieByGiddy.EddieByGiddyMaven.DATest@2b4bac49]" started-at="2021-04-21T11:20:09 CDT" name="DeliveryAddress" finished-at="2021-04-21T11:20:38 CDT" duration-ms="28732" status="PASS">
          <reporter-output>
          </reporter-output>
        </test-method> <!-- DeliveryAddress -->
        <test-method is-config="true" signature="closeWidnows()[pri:0, instance:EddieByGiddy.EddieByGiddyMaven.DATest@2b4bac49]" started-at="2021-04-21T11:20:38 CDT" name="closeWidnows" finished-at="2021-04-21T11:20:38 CDT" duration-ms="206" status="PASS">
          <reporter-output>
          </reporter-output>
        </test-method> <!-- closeWidnows -->
      </class> <!-- EddieByGiddy.EddieByGiddyMaven.DATest -->
      <class name="EddieByGiddy.EddieByGiddyMaven.AddToCart">
        <test-method is-config="true" signature="setup()[pri:0, instance:EddieByGiddy.EddieByGiddyMaven.AddToCart@fd07cbb]" started-at="2021-04-21T11:20:38 CDT" name="setup" finished-at="2021-04-21T11:20:42 CDT" duration-ms="3750" status="PASS">
          <reporter-output>
          </reporter-output>
        </test-method> <!-- setup -->
        <test-method signature="AddToCartChecktOut()[pri:0, instance:EddieByGiddy.EddieByGiddyMaven.AddToCart@fd07cbb]" started-at="2021-04-21T11:20:42 CDT" name="AddToCartChecktOut" finished-at="2021-04-21T11:20:57 CDT" duration-ms="15416" status="PASS">
          <reporter-output>
          </reporter-output>
        </test-method> <!-- AddToCartChecktOut -->
        <test-method is-config="true" signature="closeWidnows()[pri:0, instance:EddieByGiddy.EddieByGiddyMaven.AddToCart@fd07cbb]" started-at="2021-04-21T11:20:57 CDT" name="closeWidnows" finished-at="2021-04-21T11:20:57 CDT" duration-ms="262" status="PASS">
          <reporter-output>
          </reporter-output>
        </test-method> <!-- closeWidnows -->
      </class> <!-- EddieByGiddy.EddieByGiddyMaven.AddToCart -->
      <class name="EddieByGiddy.EddieByGiddyMaven.AddToCartEddieOneTime">
        <test-method is-config="true" signature="setup()[pri:0, instance:EddieByGiddy.EddieByGiddyMaven.AddToCartEddieOneTime@3571b748]" started-at="2021-04-21T11:20:57 CDT" name="setup" finished-at="2021-04-21T11:21:02 CDT" duration-ms="4062" status="PASS">
          <reporter-output>
          </reporter-output>
        </test-method> <!-- setup -->
        <test-method signature="EddieOneTime()[pri:0, instance:EddieByGiddy.EddieByGiddyMaven.AddToCartEddieOneTime@3571b748]" started-at="2021-04-21T11:21:02 CDT" name="EddieOneTime" finished-at="2021-04-21T11:21:16 CDT" duration-ms="14134" status="PASS">
          <reporter-output>
          </reporter-output>
        </test-method> <!-- EddieOneTime -->
        <test-method is-config="true" signature="closeWidnows()[pri:0, instance:EddieByGiddy.EddieByGiddyMaven.AddToCartEddieOneTime@3571b748]" started-at="2021-04-21T11:21:16 CDT" name="closeWidnows" finished-at="2021-04-21T11:21:16 CDT" duration-ms="148" status="PASS">
          <reporter-output>
          </reporter-output>
        </test-method> <!-- closeWidnows -->
      </class> <!-- EddieByGiddy.EddieByGiddyMaven.AddToCartEddieOneTime -->
      <class name="EddieByGiddy.EddieByGiddyMaven.Quiz">
        <test-method is-config="true" signature="setup()[pri:0, instance:EddieByGiddy.EddieByGiddyMaven.Quiz@3e96bacf]" started-at="2021-04-21T11:21:16 CDT" name="setup" finished-at="2021-04-21T11:21:20 CDT" duration-ms="3801" status="PASS">
          <reporter-output>
          </reporter-output>
        </test-method> <!-- setup -->
        <test-method signature="TakeQuizMPFor()[pri:0, instance:EddieByGiddy.EddieByGiddyMaven.Quiz@3e96bacf]" started-at="2021-04-21T11:21:20 CDT" name="TakeQuizMPFor" finished-at="2021-04-21T11:22:09 CDT" duration-ms="49561" status="PASS">
          <reporter-output>
          </reporter-output>
        </test-method> <!-- TakeQuizMPFor -->
        <test-method is-config="true" signature="closeWidnows()[pri:0, instance:EddieByGiddy.EddieByGiddyMaven.Quiz@3e96bacf]" started-at="2021-04-21T11:22:09 CDT" name="closeWidnows" finished-at="2021-04-21T11:22:09 CDT" duration-ms="239" status="PASS">
          <reporter-output>
          </reporter-output>
        </test-method> <!-- closeWidnows -->
        <test-method is-config="true" signature="setup()[pri:0, instance:EddieByGiddy.EddieByGiddyMaven.Quiz@3e96bacf]" started-at="2021-04-21T11:22:09 CDT" name="setup" finished-at="2021-04-21T11:22:14 CDT" duration-ms="4834" status="PASS">
          <reporter-output>
          </reporter-output>
        </test-method> <!-- setup -->
        <test-method signature="TakeQuizMSFor()[pri:0, instance:EddieByGiddy.EddieByGiddyMaven.Quiz@3e96bacf]" started-at="2021-04-21T11:22:14 CDT" name="TakeQuizMSFor" finished-at="2021-04-21T11:23:03 CDT" duration-ms="48527" status="PASS">
          <reporter-output>
          </reporter-output>
        </test-method> <!-- TakeQuizMSFor -->
        <test-method is-config="true" signature="closeWidnows()[pri:0, instance:EddieByGiddy.EddieByGiddyMaven.Quiz@3e96bacf]" started-at="2021-04-21T11:23:03 CDT" name="closeWidnows" finished-at="2021-04-21T11:23:03 CDT" duration-ms="171" status="PASS">
          <reporter-output>
          </reporter-output>
        </test-method> <!-- closeWidnows -->
      </class> <!-- EddieByGiddy.EddieByGiddyMaven.Quiz -->
      <class name="EddieByGiddy.EddieByGiddyMaven.CreateAccount2">
        <test-method is-config="true" signature="setup()[pri:0, instance:EddieByGiddy.EddieByGiddyMaven.CreateAccount2@32910148]" started-at="2021-04-21T11:18:18 CDT" name="setup" finished-at="2021-04-21T11:18:29 CDT" duration-ms="10589" status="PASS">
          <reporter-output>
          </reporter-output>
        </test-method> <!-- setup -->
        <test-method signature="CreateAccountAmazon()[pri:0, instance:EddieByGiddy.EddieByGiddyMaven.CreateAccount2@32910148]" started-at="2021-04-21T11:18:29 CDT" name="CreateAccountAmazon" finished-at="2021-04-21T11:18:38 CDT" duration-ms="9340" status="FAIL">
          <exception class="java.lang.AssertionError">
            <message>
              <![CDATA[expected [The email address netluevano4@gmail.com is already taken.] but found []]]>
            </message>
            <full-stacktrace>
              <![CDATA[java.lang.AssertionError: expected [The email address netluevano4@gmail.com is already taken.] but found []
at org.testng.Assert.fail(Assert.java:97)
at org.testng.Assert.assertEqualsImpl(Assert.java:136)
at org.testng.Assert.assertEquals(Assert.java:118)
at org.testng.Assert.assertEquals(Assert.java:575)
at org.testng.Assert.assertEquals(Assert.java:585)
at EddieByGiddy.EddieByGiddyMaven.CreateAccount2.CreateAccountAmazon(CreateAccount2.java:87)
at java.base/jdk.internal.reflect.NativeMethodAccessorImpl.invoke0(Native Method)
at java.base/jdk.internal.reflect.NativeMethodAccessorImpl.invoke(NativeMethodAccessorImpl.java:64)
at java.base/jdk.internal.reflect.DelegatingMethodAccessorImpl.invoke(DelegatingMethodAccessorImpl.java:43)
at java.base/java.lang.reflect.Method.invoke(Method.java:564)
at org.testng.internal.MethodInvocationHelper.invokeMethod(MethodInvocationHelper.java:134)
at org.testng.internal.TestInvoker.invokeMethod(TestInvoker.java:597)
at org.testng.internal.TestInvoker.invokeTestMethod(TestInvoker.java:173)
at org.testng.internal.MethodRunner.runInSequence(MethodRunner.java:46)
at org.testng.internal.TestInvoker$MethodInvocationAgent.invoke(TestInvoker.java:816)
at org.testng.internal.TestInvoker.invokeTestMethods(TestInvoker.java:146)
at org.testng.internal.TestMethodWorker.invokeTestMethods(TestMethodWorker.java:146)
at org.testng.internal.TestMethodWorker.run(TestMethodWorker.java:128)
at java.base/java.util.ArrayList.forEach(ArrayList.java:1511)
at org.testng.TestRunner.privateRun(TestRunner.java:766)
at org.testng.TestRunner.run(TestRunner.java:587)
at org.testng.SuiteRunner.runTest(SuiteRunner.java:384)
at org.testng.SuiteRunner.runSequentially(SuiteRunner.java:378)
at org.testng.SuiteRunner.privateRun(SuiteRunner.java:337)
at org.testng.SuiteRunner.run(SuiteRunner.java:286)
at org.testng.SuiteRunnerWorker.runSuite(SuiteRunnerWorker.java:53)
at org.testng.SuiteRunnerWorker.run(SuiteRunnerWorker.java:96)
at org.testng.TestNG.runSuitesSequentially(TestNG.java:1187)
at org.testng.TestNG.runSuitesLocally(TestNG.java:1109)
at org.testng.TestNG.runSuites(TestNG.java:1039)
at org.testng.TestNG.run(TestNG.java:1007)
at org.apache.maven.surefire.testng.TestNGExecutor.run(TestNGExecutor.java:284)
at org.apache.maven.surefire.testng.TestNGXmlTestSuite.execute(TestNGXmlTestSuite.java:75)
at org.apache.maven.surefire.testng.TestNGProvider.invoke(TestNGProvider.java:119)
at org.apache.maven.surefire.booter.ForkedBooter.runSuitesInProcess(ForkedBooter.java:428)
at org.apache.maven.surefire.booter.ForkedBooter.execute(ForkedBooter.java:162)
at org.apache.maven.surefire.booter.ForkedBooter.run(ForkedBooter.java:562)
at org.apache.maven.surefire.booter.ForkedBooter.main(ForkedBooter.java:548)
]]>
            </full-stacktrace>
          </exception> <!-- java.lang.AssertionError -->
          <reporter-output>
          </reporter-output>
        </test-method> <!-- CreateAccountAmazon -->
        <test-method is-config="true" signature="closeWidnows()[pri:0, instance:EddieByGiddy.EddieByGiddyMaven.CreateAccount2@32910148]" started-at="2021-04-21T11:18:38 CDT" name="closeWidnows" finished-at="2021-04-21T11:18:39 CDT" duration-ms="382" status="PASS">
          <reporter-output>
          </reporter-output>
        </test-method> <!-- closeWidnows -->
        <test-method is-config="true" signature="setup()[pri:0, instance:EddieByGiddy.EddieByGiddyMaven.CreateAccount2@32910148]" started-at="2021-04-21T11:18:39 CDT" name="setup" finished-at="2021-04-21T11:18:43 CDT" duration-ms="4797" status="PASS">
          <reporter-output>
          </reporter-output>
        </test-method> <!-- setup -->
        <test-method signature="CreateAccountClinic()[pri:0, instance:EddieByGiddy.EddieByGiddyMaven.CreateAccount2@32910148]" started-at="2021-04-21T11:18:43 CDT" name="CreateAccountClinic" finished-at="2021-04-21T11:18:50 CDT" duration-ms="6203" status="PASS">
          <reporter-output>
          </reporter-output>
        </test-method> <!-- CreateAccountClinic -->
        <test-method is-config="true" signature="closeWidnows()[pri:0, instance:EddieByGiddy.EddieByGiddyMaven.CreateAccount2@32910148]" started-at="2021-04-21T11:18:50 CDT" name="closeWidnows" finished-at="2021-04-21T11:18:50 CDT" duration-ms="341" status="PASS">
          <reporter-output>
          </reporter-output>
        </test-method> <!-- closeWidnows -->
        <test-method is-config="true" signature="setup()[pri:0, instance:EddieByGiddy.EddieByGiddyMaven.CreateAccount2@32910148]" started-at="2021-04-21T11:18:50 CDT" name="setup" finished-at="2021-04-21T11:18:55 CDT" duration-ms="5014" status="PASS">
          <reporter-output>
          </reporter-output>
        </test-method> <!-- setup -->
        <test-method signature="CreateAccountFlow()[pri:0, instance:EddieByGiddy.EddieByGiddyMaven.CreateAccount2@32910148]" started-at="2021-04-21T11:18:55 CDT" name="CreateAccountFlow" finished-at="2021-04-21T11:19:01 CDT" duration-ms="6538" status="PASS">
          <reporter-output>
          </reporter-output>
        </test-method> <!-- CreateAccountFlow -->
        <test-method is-config="true" signature="closeWidnows()[pri:0, instance:EddieByGiddy.EddieByGiddyMaven.CreateAccount2@32910148]" started-at="2021-04-21T11:19:01 CDT" name="closeWidnows" finished-at="2021-04-21T11:19:02 CDT" duration-ms="383" status="PASS">
          <reporter-output>
          </reporter-output>
        </test-method> <!-- closeWidnows -->
      </class> <!-- EddieByGiddy.EddieByGiddyMaven.CreateAccount2 -->
      <class name="EddieByGiddy.EddieByGiddyMaven.EdGuide">
        <test-method is-config="true" signature="setup()[pri:0, instance:EddieByGiddy.EddieByGiddyMaven.EdGuide@3f56875e]" started-at="2021-04-21T11:19:02 CDT" name="setup" finished-at="2021-04-21T11:19:06 CDT" duration-ms="4185" status="PASS">
          <reporter-output>
          </reporter-output>
        </test-method> <!-- setup -->
        <test-method signature="FilterByExpert()[pri:0, instance:EddieByGiddy.EddieByGiddyMaven.EdGuide@3f56875e]" started-at="2021-04-21T11:19:06 CDT" name="FilterByExpert" finished-at="2021-04-21T11:19:19 CDT" duration-ms="12768" status="PASS">
          <reporter-output>
          </reporter-output>
        </test-method> <!-- FilterByExpert -->
        <test-method is-config="true" signature="closeWidnows()[pri:0, instance:EddieByGiddy.EddieByGiddyMaven.EdGuide@3f56875e]" started-at="2021-04-21T11:19:19 CDT" name="closeWidnows" finished-at="2021-04-21T11:19:19 CDT" duration-ms="346" status="PASS">
          <reporter-output>
          </reporter-output>
        </test-method> <!-- closeWidnows -->
        <test-method is-config="true" signature="setup()[pri:0, instance:EddieByGiddy.EddieByGiddyMaven.EdGuide@3f56875e]" started-at="2021-04-21T11:19:19 CDT" name="setup" finished-at="2021-04-21T11:19:24 CDT" duration-ms="4698" status="PASS">
          <reporter-output>
          </reporter-output>
        </test-method> <!-- setup -->
        <test-method signature="FilterByTopic()[pri:0, instance:EddieByGiddy.EddieByGiddyMaven.EdGuide@3f56875e]" started-at="2021-04-21T11:19:24 CDT" name="FilterByTopic" finished-at="2021-04-21T11:19:29 CDT" duration-ms="5031" status="FAIL">
          <exception class="org.openqa.selenium.NoSuchElementException">
            <message>
              <![CDATA[no such element: Unable to locate element: {"method":"css selector","selector":"#edit\-field\-playlist\-target\-id\-1"}
  (Session info: chrome=89.0.4389.128)
For documentation on this error, please visit: https://www.seleniumhq.org/exceptions/no_such_element.html
Build info: version: '3.141.59', revision: 'e82be7d358', time: '2018-11-14T08:17:03'
System info: host: 'Itexicos-MacBook-Pro.local', ip: '2806:103e:16:162d:10b3:aa97:77d1:4a6b%en0', os.name: 'Mac OS X', os.arch: 'x86_64', os.version: '10.16', java.version: '15.0.1'
Driver info: org.openqa.selenium.chrome.ChromeDriver
Capabilities {acceptInsecureCerts: false, browserName: chrome, browserVersion: 89.0.4389.128, chrome: {chromedriverVersion: 89.0.4389.23 (61b08ee2c5002..., userDataDir: /var/folders/pb/9svbzhys5yd...}, goog:chromeOptions: {debuggerAddress: localhost:60776}, javascriptEnabled: true, networkConnectionEnabled: false, pageLoadStrategy: normal, platform: MAC, platformName: MAC, proxy: Proxy(), setWindowRect: true, strictFileInteractability: false, timeouts: {implicit: 0, pageLoad: 300000, script: 30000}, unhandledPromptBehavior: dismiss and notify, webauthn:extension:largeBlob: true, webauthn:virtualAuthenticators: true}
Session ID: f9d758989b37f8449a0b21dd421a4da9
*** Element info: {Using=id, value=edit-field-playlist-target-id-1}]]>
            </message>
            <full-stacktrace>
              <![CDATA[org.openqa.selenium.NoSuchElementException: no such element: Unable to locate element: {"method":"css selector","selector":"#edit\-field\-playlist\-target\-id\-1"}
  (Session info: chrome=89.0.4389.128)
For documentation on this error, please visit: https://www.seleniumhq.org/exceptions/no_such_element.html
Build info: version: '3.141.59', revision: 'e82be7d358', time: '2018-11-14T08:17:03'
System info: host: 'Itexicos-MacBook-Pro.local', ip: '2806:103e:16:162d:10b3:aa97:77d1:4a6b%en0', os.name: 'Mac OS X', os.arch: 'x86_64', os.version: '10.16', java.version: '15.0.1'
Driver info: org.openqa.selenium.chrome.ChromeDriver
Capabilities {acceptInsecureCerts: false, browserName: chrome, browserVersion: 89.0.4389.128, chrome: {chromedriverVersion: 89.0.4389.23 (61b08ee2c5002..., userDataDir: /var/folders/pb/9svbzhys5yd...}, goog:chromeOptions: {debuggerAddress: localhost:60776}, javascriptEnabled: true, networkConnectionEnabled: false, pageLoadStrategy: normal, platform: MAC, platformName: MAC, proxy: Proxy(), setWindowRect: true, strictFileInteractability: false, timeouts: {implicit: 0, pageLoad: 300000, script: 30000}, unhandledPromptBehavior: dismiss and notify, webauthn:extension:largeBlob: true, webauthn:virtualAuthenticators: true}
Session ID: f9d758989b37f8449a0b21dd421a4da9
*** Element info: {Using=id, value=edit-field-playlist-target-id-1}
at java.base/jdk.internal.reflect.NativeConstructorAccessorImpl.newInstance0(Native Method)
at java.base/jdk.internal.reflect.NativeConstructorAccessorImpl.newInstance(NativeConstructorAccessorImpl.java:64)
at java.base/jdk.internal.reflect.DelegatingConstructorAccessorImpl.newInstance(DelegatingConstructorAccessorImpl.java:45)
at java.base/java.lang.reflect.Constructor.newInstanceWithCaller(Constructor.java:500)
at java.base/java.lang.reflect.Constructor.newInstance(Constructor.java:481)
at org.openqa.selenium.remote.http.W3CHttpResponseCodec.createException(W3CHttpResponseCodec.java:187)
at org.openqa.selenium.remote.http.W3CHttpResponseCodec.decode(W3CHttpResponseCodec.java:122)
at org.openqa.selenium.remote.http.W3CHttpResponseCodec.decode(W3CHttpResponseCodec.java:49)
at org.openqa.selenium.remote.HttpCommandExecutor.execute(HttpCommandExecutor.java:158)
at org.openqa.selenium.remote.service.DriverCommandExecutor.execute(DriverCommandExecutor.java:83)
at org.openqa.selenium.remote.RemoteWebDriver.execute(RemoteWebDriver.java:552)
at org.openqa.selenium.remote.RemoteWebDriver.findElement(RemoteWebDriver.java:323)
at org.openqa.selenium.remote.RemoteWebDriver.findElementById(RemoteWebDriver.java:372)
at org.openqa.selenium.By$ById.findElement(By.java:188)
at org.openqa.selenium.remote.RemoteWebDriver.findElement(RemoteWebDriver.java:315)
at EddieByGiddy.EddieByGiddyMaven.PadreClassNo.byTopic(PadreClassNo.java:132)
at EddieByGiddy.EddieByGiddyMaven.EdGuide.FilterByTopic(EdGuide.java:80)
at java.base/jdk.internal.reflect.NativeMethodAccessorImpl.invoke0(Native Method)
at java.base/jdk.internal.reflect.NativeMethodAccessorImpl.invoke(NativeMethodAccessorImpl.java:64)
at java.base/jdk.internal.reflect.DelegatingMethodAccessorImpl.invoke(DelegatingMethodAccessorImpl.java:43)
at java.base/java.lang.reflect.Method.invoke(Method.java:564)
at org.testng.internal.MethodInvocationHelper.invokeMethod(MethodInvocationHelper.java:134)
at org.testng.internal.TestInvoker.invokeMethod(TestInvoker.java:597)
at org.testng.internal.TestInvoker.invokeTestMethod(TestInvoker.java:173)
at org.testng.internal.MethodRunner.runInSequence(MethodRunner.java:46)
at org.testng.internal.TestInvoker$MethodInvocationAgent.invoke(TestInvoker.java:816)
at org.testng.internal.TestInvoker.invokeTestMethods(TestInvoker.java:146)
at org.testng.internal.TestMethodWorker.invokeTestMethods(TestMethodWorker.java:146)
at org.testng.internal.TestMethodWorker.run(TestMethodWorker.java:128)
at java.base/java.util.ArrayList.forEach(ArrayList.java:1511)
at org.testng.TestRunner.privateRun(TestRunner.java:766)
at org.testng.TestRunner.run(TestRunner.java:587)
at org.testng.SuiteRunner.runTest(SuiteRunner.java:384)
at org.testng.SuiteRunner.runSequentially(SuiteRunner.java:378)
at org.testng.SuiteRunner.privateRun(SuiteRunner.java:337)
at org.testng.SuiteRunner.run(SuiteRunner.java:286)
at org.testng.SuiteRunnerWorker.runSuite(SuiteRunnerWorker.java:53)
at org.testng.SuiteRunnerWorker.run(SuiteRunnerWorker.java:96)
at org.testng.TestNG.runSuitesSequentially(TestNG.java:1187)
at org.testng.TestNG.runSuitesLocally(TestNG.java:1109)
at org.testng.TestNG.runSuites(TestNG.java:1039)
at org.testng.TestNG.run(TestNG.java:1007)
at org.apache.maven.surefire.testng.TestNGExecutor.run(TestNGExecutor.java:284)
at org.apache.maven.surefire.testng.TestNGXmlTestSuite.execute(TestNGXmlTestSuite.java:75)
at org.apache.maven.surefire.testng.TestNGProvider.invoke(TestNGProvider.java:119)
at org.apache.maven.surefire.booter.ForkedBooter.runSuitesInProcess(ForkedBooter.java:428)
at org.apache.maven.surefire.booter.ForkedBooter.execute(ForkedBooter.java:162)
at org.apache.maven.surefire.booter.ForkedBooter.run(ForkedBooter.java:562)
at org.apache.maven.surefire.booter.ForkedBooter.main(ForkedBooter.java:548)
]]>
            </full-stacktrace>
          </exception> <!-- org.openqa.selenium.NoSuchElementException -->
          <reporter-output>
          </reporter-output>
        </test-method> <!-- FilterByTopic -->
        <test-method is-config="true" signature="closeWidnows()[pri:0, instance:EddieByGiddy.EddieByGiddyMaven.EdGuide@3f56875e]" started-at="2021-04-21T11:19:29 CDT" name="closeWidnows" finished-at="2021-04-21T11:19:29 CDT" duration-ms="201" status="PASS">
          <reporter-output>
          </reporter-output>
        </test-method> <!-- closeWidnows -->
        <test-method is-config="true" signature="setup()[pri:0, instance:EddieByGiddy.EddieByGiddyMaven.EdGuide@3f56875e]" started-at="2021-04-21T11:19:29 CDT" name="setup" finished-at="2021-04-21T11:19:33 CDT" duration-ms="3998" status="PASS">
          <reporter-output>
          </reporter-output>
        </test-method> <!-- setup -->
        <test-method signature="FilterBytopicAndExpert()[pri:0, instance:EddieByGiddy.EddieByGiddyMaven.EdGuide@3f56875e]" started-at="2021-04-21T11:19:33 CDT" name="FilterBytopicAndExpert" finished-at="2021-04-21T11:19:46 CDT" duration-ms="13159" status="PASS">
          <reporter-output>
          </reporter-output>
        </test-method> <!-- FilterBytopicAndExpert -->
        <test-method is-config="true" signature="closeWidnows()[pri:0, instance:EddieByGiddy.EddieByGiddyMaven.EdGuide@3f56875e]" started-at="2021-04-21T11:19:46 CDT" name="closeWidnows" finished-at="2021-04-21T11:19:47 CDT" duration-ms="302" status="PASS">
          <reporter-output>
          </reporter-output>
        </test-method> <!-- closeWidnows -->
        <test-method is-config="true" signature="setup()[pri:0, instance:EddieByGiddy.EddieByGiddyMaven.EdGuide@3f56875e]" started-at="2021-04-21T11:19:47 CDT" name="setup" finished-at="2021-04-21T11:19:53 CDT" duration-ms="6114" status="PASS">
          <reporter-output>
          </reporter-output>
        </test-method> <!-- setup -->
        <test-method signature="GoToEdGuide()[pri:0, instance:EddieByGiddy.EddieByGiddyMaven.EdGuide@3f56875e]" started-at="2021-04-21T11:19:53 CDT" name="GoToEdGuide" finished-at="2021-04-21T11:20:05 CDT" duration-ms="12058" status="PASS">
          <reporter-output>
          </reporter-output>
        </test-method> <!-- GoToEdGuide -->
        <test-method is-config="true" signature="closeWidnows()[pri:0, instance:EddieByGiddy.EddieByGiddyMaven.EdGuide@3f56875e]" started-at="2021-04-21T11:20:05 CDT" name="closeWidnows" finished-at="2021-04-21T11:20:05 CDT" duration-ms="278" status="PASS">
          <reporter-output>
          </reporter-output>
        </test-method> <!-- closeWidnows -->
      </class> <!-- EddieByGiddy.EddieByGiddyMaven.EdGuide -->
    </test> <!-- Test -->
  </suite> <!-- Suite -->
</testng-results>
