<?xml version="1.0" encoding="UTF-8"?>
<testsuite xmlns:xsi="http://www.w3.org/2001/XMLSchema-instance" xsi:noNamespaceSchemaLocation="https://maven.apache.org/surefire/maven-surefire-plugin/xsd/surefire-test-report-3.0.xsd" version="3.0" name="TestSuite" time="290.152" tests="12" errors="0" skipped="0" failures="2">
  <properties>
[...]
</properties>
  <testcase name="CreateAccountAmazon" classname="EddieByGiddy.EddieByGiddyMaven.CreateAccount2" time="9.342">
    <failure message="expected [The email address netluevano4@gmail.com is already taken.] but found []" type="java.lang.AssertionError"><![CDATA[java.lang.AssertionError: expected [The email address netluevano4@gmail.com is already taken.] but found []
	at EddieByGiddy.EddieByGiddyMaven.CreateAccount2.CreateAccountAmazon(CreateAccount2.java:87)
]]></failure>
    <system-out><![CDATA[Erectile Dysfunction Management & ED Treatment | Eddie by Giddy
https://eddiebygiddy.com/

]]></system-out>
    <system-err><![CDATA[Starting ChromeDriver 89.0.4389.23 (61b08ee2c50024bab004e48d2b1b083cdbdac579-refs/branch-heads/4389@{#294}) on port 44308
Only local connections are allowed.
Please see https://chromedriver.chromium.org/security-considerations for suggestions on keeping ChromeDriver safe.
ChromeDriver was started successfully.
Apr 21, 2021 11:18:20 AM org.openqa.selenium.remote.ProtocolHandshake createSession
INFO: Detected dialect: W3C
]]></system-err>
  </testcase>
  <testcase name="CreateAccountClinic" classname="EddieByGiddy.EddieByGiddyMaven.CreateAccount2" time="6.195">
    <system-out><![CDATA[Erectile Dysfunction Management & ED Treatment | Eddie by Giddy
https://eddiebygiddy.com/

]]></system-out>
    <system-err><![CDATA[Starting ChromeDriver 89.0.4389.23 (61b08ee2c50024bab004e48d2b1b083cdbdac579-refs/branch-heads/4389@{#294}) on port 43927
Only local connections are allowed.
Please see https://chromedriver.chromium.org/security-considerations for suggestions on keeping ChromeDriver safe.
ChromeDriver was started successfully.
Apr 21, 2021 11:18:40 AM org.openqa.selenium.remote.ProtocolHandshake createSession
INFO: Detected dialect: W3C
]]></system-err>
  </testcase>
  <testcase name="CreateAccountFlow" classname="EddieByGiddy.EddieByGiddyMaven.CreateAccount2" time="6.514">
    <system-out><![CDATA[Erectile Dysfunction Management & ED Treatment | Eddie by Giddy
https://eddiebygiddy.com/

]]></system-out>
    <system-err><![CDATA[Starting ChromeDriver 89.0.4389.23 (61b08ee2c50024bab004e48d2b1b083cdbdac579-refs/branch-heads/4389@{#294}) on port 5815
Only local connections are allowed.
Please see https://chromedriver.chromium.org/security-considerations for suggestions on keeping ChromeDriver safe.
ChromeDriver was started successfully.
Apr 21, 2021 11:18:52 AM org.openqa.selenium.remote.ProtocolHandshake createSession
INFO: Detected dialect: W3C
]]></system-err>
  </testcase>
  <testcase name="FilterByExpert" classname="EddieByGiddy.EddieByGiddyMaven.EdGuide" time="12.757">
    <system-out><![CDATA[Erectile Dysfunction Management & ED Treatment | Eddie by Giddy
https://eddiebygiddy.com/
Video Guide | education.eddiebygiddy.com
true
]]></system-out>
    <system-err><![CDATA[Starting ChromeDriver 89.0.4389.23 (61b08ee2c50024bab004e48d2b1b083cdbdac579-refs/branch-heads/4389@{#294}) on port 16987
Only local connections are allowed.
Please see https://chromedriver.chromium.org/security-considerations for suggestions on keeping ChromeDriver safe.
ChromeDriver was started successfully.
Apr 21, 2021 11:19:03 AM org.openqa.selenium.remote.ProtocolHandshake createSession
INFO: Detected dialect: W3C
]]></system-err>
  </testcase>
  <testcase name="FilterByTopic" classname="EddieByGiddy.EddieByGiddyMaven.EdGuide" time="5.024">
    <failure message="no such element: Unable to locate element: {&quot;method&quot;:&quot;css selector&quot;,&quot;selector&quot;:&quot;#edit\-field\-playlist\-target\-id\-1&quot;}&#10;  (Session info: chrome=89.0.4389.128)&#10;For documentation on this error, please visit: https://www.seleniumhq.org/exceptions/no_such_element.html&#10;Build info: version: &apos;3.141.59&apos;, revision: &apos;e82be7d358&apos;, time: &apos;2018-11-14T08:17:03&apos;&#10;System info: host: &apos;Itexicos-MacBook-Pro.local&apos;, ip: &apos;2806:103e:16:162d:10b3:aa97:77d1:4a6b%en0&apos;, os.name: &apos;Mac OS X&apos;, os.arch: &apos;x86_64&apos;, os.version: &apos;10.16&apos;, java.version: &apos;15.0.1&apos;&#10;Driver info: org.openqa.selenium.chrome.ChromeDriver&#10;Capabilities {acceptInsecureCerts: false, browserName: chrome, browserVersion: 89.0.4389.128, chrome: {chromedriverVersion: 89.0.4389.23 (61b08ee2c5002..., userDataDir: /var/folders/pb/9svbzhys5yd...}, goog:chromeOptions: {debuggerAddress: localhost:60776}, javascriptEnabled: true, networkConnectionEnabled: false, pageLoadStrategy: normal, platform: MAC, platformName: MAC, proxy: Proxy(), setWindowRect: true, strictFileInteractability: false, timeouts: {implicit: 0, pageLoad: 300000, script: 30000}, unhandledPromptBehavior: dismiss and notify, webauthn:extension:largeBlob: true, webauthn:virtualAuthenticators: true}&#10;Session ID: f9d758989b37f8449a0b21dd421a4da9&#10;*** Element info: {Using=id, value=edit-field-playlist-target-id-1}" type="org.openqa.selenium.NoSuchElementException"><![CDATA[org.openqa.selenium.NoSuchElementException: 
no such element: Unable to locate element: {"method":"css selector","selector":"#edit\-field\-playlist\-target\-id\-1"}
  (Session info: chrome=89.0.4389.128)
For documentation on this error, please visit: https://www.seleniumhq.org/exceptions/no_such_element.html
Build info: version: '3.141.59', revision: 'e82be7d358', time: '2018-11-14T08:17:03'
System info: host: 'Itexicos-MacBook-Pro.local', ip: '2806:103e:16:162d:10b3:aa97:77d1:4a6b%en0', os.name: 'Mac OS X', os.arch: 'x86_64', os.version: '10.16', java.version: '15.0.1'
Driver info: org.openqa.selenium.chrome.ChromeDriver
Capabilities {acceptInsecureCerts: false, browserName: chrome, browserVersion: 89.0.4389.128, chrome: {chromedriverVersion: 89.0.4389.23 (61b08ee2c5002..., userDataDir: /var/folders/pb/9svbzhys5yd...}, goog:chromeOptions: {debuggerAddress: localhost:60776}, javascriptEnabled: true, networkConnectionEnabled: false, pageLoadStrategy: normal, platform: MAC, platformName: MAC, proxy: Proxy(), setWindowRect: true, strictFileInteractability: false, timeouts: {implicit: 0, pageLoad: 300000, script: 30000}, unhandledPromptBehavior: dismiss and notify, webauthn:extension:largeBlob: true, webauthn:virtualAuthenticators: true}
Session ID: f9d758989b37f8449a0b21dd421a4da9
*** Element info: {Using=id, value=edit-field-playlist-target-id-1}
	at EddieByGiddy.EddieByGiddyMaven.EdGuide.FilterByTopic(EdGuide.java:80)
]]></failure>
    <system-out><![CDATA[Erectile Dysfunction Management & ED Treatment | Eddie by Giddy
https://eddiebygiddy.com/
]]></system-out>
    <system-err><![CDATA[Starting ChromeDriver 89.0.4389.23 (61b08ee2c50024bab004e48d2b1b083cdbdac579-refs/branch-heads/4389@{#294}) on port 34752
Only local connections are allowed.
Please see https://chromedriver.chromium.org/security-considerations for suggestions on keeping ChromeDriver safe.
ChromeDriver was started successfully.
Apr 21, 2021 11:19:21 AM org.openqa.selenium.remote.ProtocolHandshake createSession
INFO: Detected dialect: W3C
]]></system-err>
  </testcase>
  <testcase name="FilterBytopicAndExpert" classname="EddieByGiddy.EddieByGiddyMaven.EdGuide" time="13.152">
    <system-out><![CDATA[Erectile Dysfunction Management & ED Treatment | Eddie by Giddy
https://eddiebygiddy.com/
Video Guide | education.eddiebygiddy.com
true
]]></system-out>
    <system-err><![CDATA[Starting ChromeDriver 89.0.4389.23 (61b08ee2c50024bab004e48d2b1b083cdbdac579-refs/branch-heads/4389@{#294}) on port 32790
Only local connections are allowed.
Please see https://chromedriver.chromium.org/security-considerations for suggestions on keeping ChromeDriver safe.
ChromeDriver was started successfully.
Apr 21, 2021 11:19:31 AM org.openqa.selenium.remote.ProtocolHandshake createSession
INFO: Detected dialect: W3C
]]></system-err>
  </testcase>
  <testcase name="GoToEdGuide" classname="EddieByGiddy.EddieByGiddyMaven.EdGuide" time="12.044">
    <system-out><![CDATA[Erectile Dysfunction Management & ED Treatment | Eddie by Giddy
https://eddiebygiddy.com/
Video Guide | education.eddiebygiddy.com
]]></system-out>
    <system-err><![CDATA[Starting ChromeDriver 89.0.4389.23 (61b08ee2c50024bab004e48d2b1b083cdbdac579-refs/branch-heads/4389@{#294}) on port 45187
Only local connections are allowed.
Please see https://chromedriver.chromium.org/security-considerations for suggestions on keeping ChromeDriver safe.
ChromeDriver was started successfully.
Apr 21, 2021 11:19:48 AM org.openqa.selenium.remote.ProtocolHandshake createSession
INFO: Detected dialect: W3C
]]></system-err>
  </testcase>
  <testcase name="DeliveryAddress" classname="EddieByGiddy.EddieByGiddyMaven.DATest" time="28.715">
    <system-out><![CDATA[Erectile Dysfunction Management & ED Treatment | Eddie by Giddy
https://eddiebygiddy.com/
Eddie by Giddy - Order Status
]]></system-out>
    <system-err><![CDATA[Starting ChromeDriver 89.0.4389.23 (61b08ee2c50024bab004e48d2b1b083cdbdac579-refs/branch-heads/4389@{#294}) on port 31259
Only local connections are allowed.
Please see https://chromedriver.chromium.org/security-considerations for suggestions on keeping ChromeDriver safe.
ChromeDriver was started successfully.
Apr 21, 2021 11:20:06 AM org.openqa.selenium.remote.ProtocolHandshake createSession
INFO: Detected dialect: W3C
]]></system-err>
  </testcase>
  <testcase name="AddToCartChecktOut" classname="EddieByGiddy.EddieByGiddyMaven.AddToCart" time="15.401">
    <system-out><![CDATA[Erectile Dysfunction Management & ED Treatment | Eddie by Giddy
https://eddiebygiddy.com/
]]></system-out>
    <system-err><![CDATA[Starting ChromeDriver 89.0.4389.23 (61b08ee2c50024bab004e48d2b1b083cdbdac579-refs/branch-heads/4389@{#294}) on port 1885
Only local connections are allowed.
Please see https://chromedriver.chromium.org/security-considerations for suggestions on keeping ChromeDriver safe.
ChromeDriver was started successfully.
Apr 21, 2021 11:20:40 AM org.openqa.selenium.remote.ProtocolHandshake createSession
INFO: Detected dialect: W3C
]]></system-err>
  </testcase>
  <testcase name="EddieOneTime" classname="EddieByGiddy.EddieByGiddyMaven.AddToCartEddieOneTime" time="14.094">
    <system-out><![CDATA[Erectile Dysfunction Management & ED Treatment | Eddie by Giddy
https://eddiebygiddy.com/
]]></system-out>
    <system-err><![CDATA[Starting ChromeDriver 89.0.4389.23 (61b08ee2c50024bab004e48d2b1b083cdbdac579-refs/branch-heads/4389@{#294}) on port 46858
Only local connections are allowed.
Please see https://chromedriver.chromium.org/security-considerations for suggestions on keeping ChromeDriver safe.
ChromeDriver was started successfully.
Apr 21, 2021 11:20:59 AM org.openqa.selenium.remote.ProtocolHandshake createSession
INFO: Detected dialect: W3C
]]></system-err>
  </testcase>
  <testcase name="TakeQuizMPFor" classname="EddieByGiddy.EddieByGiddyMaven.Quiz" time="49.56">
    <system-out><![CDATA[Erectile Dysfunction Management & ED Treatment | Eddie by Giddy
https://eddiebygiddy.com/
My partner
Female
18-34
Single/ Dating
Yes
Difficulty achieving an erection.
Less than 50% of the time
Psychological
Prescription ED Pills (Viagra/ Sildenafil/ Cialis)
Prostate Cancer
Congrats!
 
 
Based on your answers, we recommend Eddie and the ED Guide video series to help your partner achieve and sustain harder, longer-lasting, more satisfying erections, and to add something new and exciting to the bedroom. We're pleased to add that other men dealing with  have reported success using Eddie.
 
Included with every Eddie, the ED Guide videos include hours of professional guidance from experts about ED, arousal, intimacy, orgasms, and much more.
 
As a gesture of appreciation for your service, enjoy an extra $20 off + Free Shipping with the discount code: SALUTE20

BUY NOW
https://eddiebygiddy.com/is-eddie-right-for-you/
]]></system-out>
    <system-err><![CDATA[Starting ChromeDriver 89.0.4389.23 (61b08ee2c50024bab004e48d2b1b083cdbdac579-refs/branch-heads/4389@{#294}) on port 43754
Only local connections are allowed.
Please see https://chromedriver.chromium.org/security-considerations for suggestions on keeping ChromeDriver safe.
ChromeDriver was started successfully.
Apr 21, 2021 11:21:17 AM org.openqa.selenium.remote.ProtocolHandshake createSession
INFO: Detected dialect: W3C
]]></system-err>
  </testcase>
  <testcase name="TakeQuizMSFor" classname="EddieByGiddy.EddieByGiddyMaven.Quiz" time="48.525">
    <system-out><![CDATA[Erectile Dysfunction Management & ED Treatment | Eddie by Giddy
https://eddiebygiddy.com/
Myself
18-34
Single/ Dating
Heterosexual (Straight)
Yes
Difficulty achieving an erection.
Less than 50% of the time
Psychological
Prescription ED Pills (Viagra/ Sildenafil/ Cialis)
Prostate Cancer
Congrats!
 
 
Based on your answers, we recommend Eddie and the ED Guide video series to help you achieve and sustain harder, longer-lasting, more satisfying erections, and to add something new and exciting to the bedroom. We're pleased to add that other men dealing with Prostate Cancer have reported success using Eddie.
 
Included with every Eddie, the ED Guide videos include hours of professional guidance from experts about ED, arousal, intimacy, orgasms, and much more.
 
As a gesture of appreciation for your service, enjoy an extra $20 off + Free Shipping with the discount code: SALUTE20

BUY NOW
https://eddiebygiddy.com/is-eddie-right-for-you/
]]></system-out>
    <system-err><![CDATA[Starting ChromeDriver 89.0.4389.23 (61b08ee2c50024bab004e48d2b1b083cdbdac579-refs/branch-heads/4389@{#294}) on port 48106
Only local connections are allowed.
Please see https://chromedriver.chromium.org/security-considerations for suggestions on keeping ChromeDriver safe.
ChromeDriver was started successfully.
Apr 21, 2021 11:22:11 AM org.openqa.selenium.remote.ProtocolHandshake createSession
INFO: Detected dialect: W3C
]]></system-err>
  </testcase>
</testsuite>