<?xml version="1.0" encoding="UTF-8"?>
<!-- Generated by org.testng.reporters.JUnitXMLReporter -->
<testsuite ignored="0" hostname="Itexicos-MacBook-Pro.local" failures="0" tests="1" name="Default test" time="5.104" errors="0" timestamp="2021-09-09T15:27:27 CDT">
  <testcase classname="EddieByGiddy.EddieByGiddyMaven.PadreClassNo" name="@BeforeMethod setup" time="4.965">
    <failure type="org.openqa.selenium.SessionNotCreatedException" message="session not created: This version of ChromeDriver only supports Chrome version 91
Current browser version is 93.0.4577.63 with binary path /Applications/Google Chrome.app/Contents/MacOS/Google Chrome
Build info: version: &amp;apos;3.141.59&amp;apos;, revision: &amp;apos;e82be7d358&amp;apos;, time: &amp;apos;2018-11-14T08:25:48&amp;apos;
System info: host: &amp;apos;Itexicos-MacBook-Pro.local&amp;apos;, ip: &amp;apos;2806:103e:16:3f66:31f8:6ae2:2683:2aa1%en0&amp;apos;, os.name: &amp;apos;Mac OS X&amp;apos;, os.arch: &amp;apos;x86_64&amp;apos;, os.version: &amp;apos;10.16&amp;apos;, java.version: &amp;apos;15.0.1&amp;apos;
Driver info: driver.version: ChromeDriver
remote stacktrace: 0   chromedriver 3                      0x000000010731c029 chromedriver 3 + 2740265
1   chromedriver 3                      0x00000001079cfcd3 chromedriver 3 + 9768147
2   chromedriver 3                      0x00000001070abd58 chromedriver 3 + 183640
3   chromedriver 3                      0x00000001070d16d6 chromedriver 3 + 337622
4   chromedriver 3                      0x00000001070cd3c3 chromedriver 3 + 320451
5   chromedriver 3                      0x00000001070c9a56 chromedriver 3 + 305750
6   chromedriver 3                      0x0000000107101ed0 chromedriver 3 + 536272
7   chromedriver 3                      0x00000001070fcd63 chromedriver 3 + 515427
8   chromedriver 3                      0x00000001070d3901 chromedriver 3 + 346369
9   chromedriver 3                      0x00000001070d4b35 chromedriver 3 + 351029
10  chromedriver 3                      0x00000001072e3b4c chromedriver 3 + 2509644
11  chromedriver 3                      0x00000001072f6a81 chromedriver 3 + 2587265
12  chromedriver 3                      0x00000001072c94f1 chromedriver 3 + 2401521
13  chromedriver 3                      0x00000001072f7e4f chromedriver 3 + 2592335
14  chromedriver 3                      0x00000001072d9aec chromedriver 3 + 2468588
15  chromedriver 3                      0x0000000107311358 chromedriver 3 + 2696024
16  chromedriver 3                      0x00000001073114eb chromedriver 3 + 2696427
17  chromedriver 3                      0x0000000107320f38 chromedriver 3 + 2760504
18  libsystem_pthread.dylib             0x00007fff205118fc _pthread_start + 224
19  libsystem_pthread.dylib             0x00007fff2050d443 thread_start + 15
">
      <![CDATA[org.openqa.selenium.SessionNotCreatedException: session not created: This version of ChromeDriver only supports Chrome version 91
Current browser version is 93.0.4577.63 with binary path /Applications/Google Chrome.app/Contents/MacOS/Google Chrome
Build info: version: '3.141.59', revision: 'e82be7d358', time: '2018-11-14T08:25:48'
System info: host: 'Itexicos-MacBook-Pro.local', ip: '2806:103e:16:3f66:31f8:6ae2:2683:2aa1%en0', os.name: 'Mac OS X', os.arch: 'x86_64', os.version: '10.16', java.version: '15.0.1'
Driver info: driver.version: ChromeDriver
remote stacktrace: 0   chromedriver 3                      0x000000010731c029 chromedriver 3 + 2740265
1   chromedriver 3                      0x00000001079cfcd3 chromedriver 3 + 9768147
2   chromedriver 3                      0x00000001070abd58 chromedriver 3 + 183640
3   chromedriver 3                      0x00000001070d16d6 chromedriver 3 + 337622
4   chromedriver 3                      0x00000001070cd3c3 chromedriver 3 + 320451
5   chromedriver 3                      0x00000001070c9a56 chromedriver 3 + 305750
6   chromedriver 3                      0x0000000107101ed0 chromedriver 3 + 536272
7   chromedriver 3                      0x00000001070fcd63 chromedriver 3 + 515427
8   chromedriver 3                      0x00000001070d3901 chromedriver 3 + 346369
9   chromedriver 3                      0x00000001070d4b35 chromedriver 3 + 351029
10  chromedriver 3                      0x00000001072e3b4c chromedriver 3 + 2509644
11  chromedriver 3                      0x00000001072f6a81 chromedriver 3 + 2587265
12  chromedriver 3                      0x00000001072c94f1 chromedriver 3 + 2401521
13  chromedriver 3                      0x00000001072f7e4f chromedriver 3 + 2592335
14  chromedriver 3                      0x00000001072d9aec chromedriver 3 + 2468588
15  chromedriver 3                      0x0000000107311358 chromedriver 3 + 2696024
16  chromedriver 3                      0x00000001073114eb chromedriver 3 + 2696427
17  chromedriver 3                      0x0000000107320f38 chromedriver 3 + 2760504
18  libsystem_pthread.dylib             0x00007fff205118fc _pthread_start + 224
19  libsystem_pthread.dylib             0x00007fff2050d443 thread_start + 15

at java.base/jdk.internal.reflect.NativeConstructorAccessorImpl.newInstance0(Native Method)
at java.base/jdk.internal.reflect.NativeConstructorAccessorImpl.newInstance(NativeConstructorAccessorImpl.java:64)
at java.base/jdk.internal.reflect.DelegatingConstructorAccessorImpl.newInstance(DelegatingConstructorAccessorImpl.java:45)
at java.base/java.lang.reflect.Constructor.newInstanceWithCaller(Constructor.java:500)
at java.base/java.lang.reflect.Constructor.newInstance(Constructor.java:481)
at org.openqa.selenium.remote.W3CHandshakeResponse.lambda$errorHandler$0(W3CHandshakeResponse.java:62)
at org.openqa.selenium.remote.HandshakeResponse.lambda$getResponseFunction$0(HandshakeResponse.java:30)
at org.openqa.selenium.remote.ProtocolHandshake.lambda$createSession$0(ProtocolHandshake.java:126)
at java.base/java.util.stream.ReferencePipeline$3$1.accept(ReferencePipeline.java:195)
at java.base/java.util.Spliterators$ArraySpliterator.tryAdvance(Spliterators.java:958)
at java.base/java.util.stream.ReferencePipeline.forEachWithCancel(ReferencePipeline.java:127)
at java.base/java.util.stream.AbstractPipeline.copyIntoWithCancel(AbstractPipeline.java:502)
at java.base/java.util.stream.AbstractPipeline.copyInto(AbstractPipeline.java:488)
at java.base/java.util.stream.AbstractPipeline.wrapAndCopyInto(AbstractPipeline.java:474)
at java.base/java.util.stream.FindOps$FindOp.evaluateSequential(FindOps.java:150)
at java.base/java.util.stream.AbstractPipeline.evaluate(AbstractPipeline.java:234)
at java.base/java.util.stream.ReferencePipeline.findFirst(ReferencePipeline.java:543)
at org.openqa.selenium.remote.ProtocolHandshake.createSession(ProtocolHandshake.java:128)
at org.openqa.selenium.remote.ProtocolHandshake.createSession(ProtocolHandshake.java:74)
at org.openqa.selenium.remote.HttpCommandExecutor.execute(HttpCommandExecutor.java:136)
at org.openqa.selenium.remote.service.DriverCommandExecutor.execute(DriverCommandExecutor.java:83)
at org.openqa.selenium.remote.RemoteWebDriver.execute(RemoteWebDriver.java:552)
at org.openqa.selenium.remote.RemoteWebDriver.startSession(RemoteWebDriver.java:213)
at org.openqa.selenium.remote.RemoteWebDriver.<init>(RemoteWebDriver.java:131)
at org.openqa.selenium.chrome.ChromeDriver.<init>(ChromeDriver.java:181)
at org.openqa.selenium.chrome.ChromeDriver.<init>(ChromeDriver.java:168)
at org.openqa.selenium.chrome.ChromeDriver.<init>(ChromeDriver.java:123)
at EddieByGiddy.EddieByGiddyMaven.PadreClassNo.setup(PadreClassNo.java:31)
at java.base/jdk.internal.reflect.NativeMethodAccessorImpl.invoke0(Native Method)
at java.base/jdk.internal.reflect.NativeMethodAccessorImpl.invoke(NativeMethodAccessorImpl.java:64)
at java.base/jdk.internal.reflect.DelegatingMethodAccessorImpl.invoke(DelegatingMethodAccessorImpl.java:43)
at java.base/java.lang.reflect.Method.invoke(Method.java:564)
at org.testng.internal.MethodInvocationHelper.invokeMethod(MethodInvocationHelper.java:132)
at org.testng.internal.MethodInvocationHelper.invokeMethodConsideringTimeout(MethodInvocationHelper.java:61)
at org.testng.internal.ConfigInvoker.invokeConfigurationMethod(ConfigInvoker.java:366)
at org.testng.internal.ConfigInvoker.invokeConfigurations(ConfigInvoker.java:320)
at org.testng.internal.TestInvoker.runConfigMethods(TestInvoker.java:701)
at org.testng.internal.TestInvoker.invokeMethod(TestInvoker.java:527)
at org.testng.internal.TestInvoker.invokeTestMethod(TestInvoker.java:174)
at org.testng.internal.MethodRunner.runInSequence(MethodRunner.java:46)
at org.testng.internal.TestInvoker$MethodInvocationAgent.invoke(TestInvoker.java:822)
at org.testng.internal.TestInvoker.invokeTestMethods(TestInvoker.java:147)
at org.testng.internal.TestMethodWorker.invokeTestMethods(TestMethodWorker.java:146)
at org.testng.internal.TestMethodWorker.run(TestMethodWorker.java:128)
at java.base/java.util.ArrayList.forEach(ArrayList.java:1511)
at org.testng.TestRunner.privateRun(TestRunner.java:764)
at org.testng.TestRunner.run(TestRunner.java:585)
at org.testng.SuiteRunner.runTest(SuiteRunner.java:384)
at org.testng.SuiteRunner.runSequentially(SuiteRunner.java:378)
at org.testng.SuiteRunner.privateRun(SuiteRunner.java:337)
at org.testng.SuiteRunner.run(SuiteRunner.java:286)
at org.testng.SuiteRunnerWorker.runSuite(SuiteRunnerWorker.java:53)
at org.testng.SuiteRunnerWorker.run(SuiteRunnerWorker.java:96)
at org.testng.TestNG.runSuitesSequentially(TestNG.java:1218)
at org.testng.TestNG.runSuitesLocally(TestNG.java:1140)
at org.testng.TestNG.runSuites(TestNG.java:1069)
at org.testng.TestNG.run(TestNG.java:1037)
at org.testng.remote.AbstractRemoteTestNG.run(AbstractRemoteTestNG.java:115)
at org.testng.remote.RemoteTestNG.initAndRun(RemoteTestNG.java:251)
at org.testng.remote.RemoteTestNG.main(RemoteTestNG.java:77)
]]>
    </failure>
  </testcase> <!-- @BeforeMethod setup -->
  <testcase classname="EddieByGiddy.EddieByGiddyMaven.PadreClassNo" name="@AfterMethod closeWidnows" time="-1.631219242295E9">
    <skipped/>
  </testcase> <!-- @AfterMethod closeWidnows -->
  <testcase classname="EddieByGiddy.EddieByGiddyMaven.AddToCart" name="AddToCartChecktOut" time="0.0">
    <skipped/>
  </testcase> <!-- AddToCartChecktOut -->
</testsuite> <!-- Default test -->
