<?xml version="1.0" encoding="UTF-8"?>
<!-- Generated by org.testng.reporters.JUnitXMLReporter -->
<testsuite ignored="0" hostname="Itexicos-MacBook-Pro.local" failures="2" tests="12" name="Test" time="284.691" errors="0" timestamp="2021-04-21T11:23:08 CDT">
  <testcase classname="EddieByGiddy.EddieByGiddyMaven.CreateAccount2" name="CreateAccountAmazon" time="9.34">
    <failure type="java.lang.AssertionError" message="expected [The email address netluevano4@gmail.com is already taken.] but found []">
      <![CDATA[java.lang.AssertionError: expected [The email address netluevano4@gmail.com is already taken.] but found []
at EddieByGiddy.EddieByGiddyMaven.CreateAccount2.CreateAccountAmazon(CreateAccount2.java:87)
at java.base/java.util.ArrayList.forEach(ArrayList.java:1511)
... Removed 36 stack frames]]>
    </failure>
  </testcase> <!-- CreateAccountAmazon -->
  <testcase classname="EddieByGiddy.EddieByGiddyMaven.CreateAccount2" name="CreateAccountClinic" time="6.203"/>
  <testcase classname="EddieByGiddy.EddieByGiddyMaven.CreateAccount2" name="CreateAccountFlow" time="6.538"/>
  <testcase classname="EddieByGiddy.EddieByGiddyMaven.EdGuide" name="FilterByExpert" time="12.768"/>
  <testcase classname="EddieByGiddy.EddieByGiddyMaven.EdGuide" name="FilterByTopic" time="5.031">
    <failure type="org.openqa.selenium.NoSuchElementException" message="no such element: Unable to locate element: {&amp;quot;method&amp;quot;:&amp;quot;css selector&amp;quot;,&amp;quot;selector&amp;quot;:&amp;quot;#edit\-field\-playlist\-target\-id\-1&amp;quot;}
  (Session info: chrome=89.0.4389.128)
For documentation on this error, please visit: https://www.seleniumhq.org/exceptions/no_such_element.html
Build info: version: &amp;apos;3.141.59&amp;apos;, revision: &amp;apos;e82be7d358&amp;apos;, time: &amp;apos;2018-11-14T08:17:03&amp;apos;
System info: host: &amp;apos;Itexicos-MacBook-Pro.local&amp;apos;, ip: &amp;apos;2806:103e:16:162d:10b3:aa97:77d1:4a6b%en0&amp;apos;, os.name: &amp;apos;Mac OS X&amp;apos;, os.arch: &amp;apos;x86_64&amp;apos;, os.version: &amp;apos;10.16&amp;apos;, java.version: &amp;apos;15.0.1&amp;apos;
Driver info: org.openqa.selenium.chrome.ChromeDriver
Capabilities {acceptInsecureCerts: false, browserName: chrome, browserVersion: 89.0.4389.128, chrome: {chromedriverVersion: 89.0.4389.23 (61b08ee2c5002..., userDataDir: /var/folders/pb/9svbzhys5yd...}, goog:chromeOptions: {debuggerAddress: localhost:60776}, javascriptEnabled: true, networkConnectionEnabled: false, pageLoadStrategy: normal, platform: MAC, platformName: MAC, proxy: Proxy(), setWindowRect: true, strictFileInteractability: false, timeouts: {implicit: 0, pageLoad: 300000, script: 30000}, unhandledPromptBehavior: dismiss and notify, webauthn:extension:largeBlob: true, webauthn:virtualAuthenticators: true}
Session ID: f9d758989b37f8449a0b21dd421a4da9
*** Element info: {Using=id, value=edit-field-playlist-target-id-1}">
      <![CDATA[org.openqa.selenium.NoSuchElementException: no such element: Unable to locate element: {"method":"css selector","selector":"#edit\-field\-playlist\-target\-id\-1"}
  (Session info: chrome=89.0.4389.128)
For documentation on this error, please visit: https://www.seleniumhq.org/exceptions/no_such_element.html
Build info: version: '3.141.59', revision: 'e82be7d358', time: '2018-11-14T08:17:03'
System info: host: 'Itexicos-MacBook-Pro.local', ip: '2806:103e:16:162d:10b3:aa97:77d1:4a6b%en0', os.name: 'Mac OS X', os.arch: 'x86_64', os.version: '10.16', java.version: '15.0.1'
Driver info: org.openqa.selenium.chrome.ChromeDriver
Capabilities {acceptInsecureCerts: false, browserName: chrome, browserVersion: 89.0.4389.128, chrome: {chromedriverVersion: 89.0.4389.23 (61b08ee2c5002..., userDataDir: /var/folders/pb/9svbzhys5yd...}, goog:chromeOptions: {debuggerAddress: localhost:60776}, javascriptEnabled: true, networkConnectionEnabled: false, pageLoadStrategy: normal, platform: MAC, platformName: MAC, proxy: Proxy(), setWindowRect: true, strictFileInteractability: false, timeouts: {implicit: 0, pageLoad: 300000, script: 30000}, unhandledPromptBehavior: dismiss and notify, webauthn:extension:largeBlob: true, webauthn:virtualAuthenticators: true}
Session ID: f9d758989b37f8449a0b21dd421a4da9
*** Element info: {Using=id, value=edit-field-playlist-target-id-1}
at org.openqa.selenium.remote.http.W3CHttpResponseCodec.createException(W3CHttpResponseCodec.java:187)
at org.openqa.selenium.remote.http.W3CHttpResponseCodec.decode(W3CHttpResponseCodec.java:122)
at org.openqa.selenium.remote.http.W3CHttpResponseCodec.decode(W3CHttpResponseCodec.java:49)
at org.openqa.selenium.remote.HttpCommandExecutor.execute(HttpCommandExecutor.java:158)
at org.openqa.selenium.remote.service.DriverCommandExecutor.execute(DriverCommandExecutor.java:83)
at org.openqa.selenium.remote.RemoteWebDriver.execute(RemoteWebDriver.java:552)
at org.openqa.selenium.remote.RemoteWebDriver.findElement(RemoteWebDriver.java:323)
at org.openqa.selenium.remote.RemoteWebDriver.findElementById(RemoteWebDriver.java:372)
at org.openqa.selenium.By$ById.findElement(By.java:188)
at org.openqa.selenium.remote.RemoteWebDriver.findElement(RemoteWebDriver.java:315)
at EddieByGiddy.EddieByGiddyMaven.PadreClassNo.byTopic(PadreClassNo.java:132)
at EddieByGiddy.EddieByGiddyMaven.EdGuide.FilterByTopic(EdGuide.java:80)
at java.base/java.util.ArrayList.forEach(ArrayList.java:1511)
... Removed 36 stack frames]]>
    </failure>
  </testcase> <!-- FilterByTopic -->
  <testcase classname="EddieByGiddy.EddieByGiddyMaven.EdGuide" name="FilterBytopicAndExpert" time="13.159"/>
  <testcase classname="EddieByGiddy.EddieByGiddyMaven.EdGuide" name="GoToEdGuide" time="12.058"/>
  <testcase classname="EddieByGiddy.EddieByGiddyMaven.DATest" name="DeliveryAddress" time="28.732"/>
  <testcase classname="EddieByGiddy.EddieByGiddyMaven.AddToCart" name="AddToCartChecktOut" time="15.416"/>
  <testcase classname="EddieByGiddy.EddieByGiddyMaven.AddToCartEddieOneTime" name="EddieOneTime" time="14.134"/>
  <testcase classname="EddieByGiddy.EddieByGiddyMaven.Quiz" name="TakeQuizMPFor" time="49.561"/>
  <testcase classname="EddieByGiddy.EddieByGiddyMaven.Quiz" name="TakeQuizMSFor" time="48.527"/>
</testsuite> <!-- Test -->
